<?xml version="1.0" encoding="UTF-8"?>
<testng-results skipped="0" failed="1" ignored="0" total="14" passed="13">
  <reporter-output>
  </reporter-output>
  <suite name="Suite" duration-ms="15078" started-at="2021-04-15T13:51:21Z" finished-at="2021-04-15T13:51:36Z">
    <groups>
    </groups>
    <test name="Test" duration-ms="15078" started-at="2021-04-15T13:51:21Z" finished-at="2021-04-15T13:51:36Z">
      <class name="com.org.testapi.TestApiGetMethod">
        <test-method status="PASS" signature="GetRequestLive()[pri:0, instance:com.org.testapi.TestApiGetMethod@cb644e]" name="GetRequestLive" duration-ms="1154" started-at="2021-04-15T13:51:32Z" finished-at="2021-04-15T13:51:33Z">
          <reporter-output>
          </reporter-output>
        </test-method> <!-- GetRequestLive -->
        <test-method status="PASS" signature="GetSingleUser()[pri:0, instance:com.org.testapi.TestApiGetMethod@cb644e]" name="GetSingleUser" duration-ms="125" started-at="2021-04-15T13:51:33Z" finished-at="2021-04-15T13:51:33Z">
          <reporter-output>
          </reporter-output>
        </test-method> <!-- GetSingleUser -->
        <test-method status="PASS" signature="GetUsersData()[pri:0, instance:com.org.testapi.TestApiGetMethod@cb644e]" name="GetUsersData" duration-ms="111" started-at="2021-04-15T13:51:33Z" finished-at="2021-04-15T13:51:33Z">
          <reporter-output>
          </reporter-output>
        </test-method> <!-- GetUsersData -->
        <test-method status="PASS" signature="ValidateJasonForGetSingleUser()[pri:0, instance:com.org.testapi.TestApiGetMethod@cb644e]" name="ValidateJasonForGetSingleUser" duration-ms="362" started-at="2021-04-15T13:51:33Z" finished-at="2021-04-15T13:51:33Z">
          <reporter-output>
          </reporter-output>
        </test-method> <!-- ValidateJasonForGetSingleUser -->
        <test-method status="PASS" signature="ValidateJasonForGetSingleUser1()[pri:0, instance:com.org.testapi.TestApiGetMethod@cb644e]" name="ValidateJasonForGetSingleUser1" duration-ms="400" started-at="2021-04-15T13:51:33Z" finished-at="2021-04-15T13:51:34Z">
          <reporter-output>
          </reporter-output>
        </test-method> <!-- ValidateJasonForGetSingleUser1 -->
        <test-method status="PASS" signature="ValidateResponseForCreatedUser()[pri:0, instance:com.org.testapi.TestApiGetMethod@cb644e]" name="ValidateResponseForCreatedUser" duration-ms="260" started-at="2021-04-15T13:51:34Z" finished-at="2021-04-15T13:51:34Z">
          <reporter-output>
          </reporter-output>
        </test-method> <!-- ValidateResponseForCreatedUser -->
      </class> <!-- com.org.testapi.TestApiGetMethod -->
      <class name="com.org.testapi.TestApiDelete">
        <test-method status="PASS" signature="testDelete()[pri:0, instance:com.org.testapi.TestApiDelete@ff5b51f]" name="testDelete" duration-ms="268" started-at="2021-04-15T13:51:36Z" finished-at="2021-04-15T13:51:36Z">
          <reporter-output>
          </reporter-output>
        </test-method> <!-- testDelete -->
      </class> <!-- com.org.testapi.TestApiDelete -->
      <class name="com.org.testapi.TestApiPostMethod">
        <test-method status="PASS" signature="PostRequestRestAssured()[pri:0, instance:com.org.testapi.TestApiPostMethod@13805618]" name="PostRequestRestAssured" duration-ms="182" started-at="2021-04-15T13:51:34Z" finished-at="2021-04-15T13:51:34Z">
          <reporter-output>
          </reporter-output>
        </test-method> <!-- PostRequestRestAssured -->
        <test-method status="PASS" signature="ValidateResponseForCreatedUser()[pri:0, instance:com.org.testapi.TestApiPostMethod@13805618]" name="ValidateResponseForCreatedUser" duration-ms="305" started-at="2021-04-15T13:51:34Z" finished-at="2021-04-15T13:51:35Z">
          <reporter-output>
          </reporter-output>
        </test-method> <!-- ValidateResponseForCreatedUser -->
      </class> <!-- com.org.testapi.TestApiPostMethod -->
      <class name="com.org.testapi.TestApiGetUsingQueryParams">
        <test-method status="PASS" signature="queryParameter()[pri:0, instance:com.org.testapi.TestApiGetUsingQueryParams@56ef9176]" name="queryParameter" duration-ms="1002" started-at="2021-04-15T13:51:35Z" finished-at="2021-04-15T13:51:36Z">
          <reporter-output>
          </reporter-output>
        </test-method> <!-- queryParameter -->
      </class> <!-- com.org.testapi.TestApiGetUsingQueryParams -->
      <class name="com.org.testapi.TestApiWithXML">
        <test-method status="FAIL" signature="testGet()[pri:0, instance:com.org.testapi.TestApiWithXML@1ed4004b]" name="testGet" duration-ms="109" started-at="2021-04-15T13:51:36Z" finished-at="2021-04-15T13:51:36Z">
          <exception class="java.lang.NoSuchMethodError">
            <message>
              <![CDATA[com.jayway.restassured.internal.assertion.AssertParameter.notNull(Ljava/lang/Object;Ljava/lang/Class;)Ljava/lang/Object;]]>
            </message>
            <full-stacktrace>
              <![CDATA[java.lang.NoSuchMethodError: com.jayway.restassured.internal.assertion.AssertParameter.notNull(Ljava/lang/Object;Ljava/lang/Class;)Ljava/lang/Object;
at com.jayway.restassured.config.SSLConfig.<init>(SSLConfig.java:192)
at com.jayway.restassured.config.SSLConfig.<init>(SSLConfig.java:184)
at com.jayway.restassured.config.RestAssuredConfig.<init>(RestAssuredConfig.java:41)
at com.jayway.restassured.RestAssured.<clinit>(RestAssured.java:423)
at com.org.testapi.TestApiWithXML.testGet(TestApiWithXML.java:13)
at sun.reflect.NativeMethodAccessorImpl.invoke0(Native Method)
at sun.reflect.NativeMethodAccessorImpl.invoke(NativeMethodAccessorImpl.java:62)
at sun.reflect.DelegatingMethodAccessorImpl.invoke(DelegatingMethodAccessorImpl.java:43)
at java.lang.reflect.Method.invoke(Method.java:498)
at org.testng.internal.MethodInvocationHelper.invokeMethod(MethodInvocationHelper.java:124)
at org.testng.internal.Invoker.invokeMethod(Invoker.java:583)
at org.testng.internal.Invoker.invokeTestMethod(Invoker.java:719)
at org.testng.internal.Invoker.invokeTestMethods(Invoker.java:989)
at org.testng.internal.TestMethodWorker.invokeTestMethods(TestMethodWorker.java:125)
at org.testng.internal.TestMethodWorker.run(TestMethodWorker.java:109)
at org.testng.TestRunner.privateRun(TestRunner.java:648)
at org.testng.TestRunner.run(TestRunner.java:505)
at org.testng.SuiteRunner.runTest(SuiteRunner.java:455)
at org.testng.SuiteRunner.runSequentially(SuiteRunner.java:450)
at org.testng.SuiteRunner.privateRun(SuiteRunner.java:415)
at org.testng.SuiteRunner.run(SuiteRunner.java:364)
at org.testng.SuiteRunnerWorker.runSuite(SuiteRunnerWorker.java:52)
at org.testng.SuiteRunnerWorker.run(SuiteRunnerWorker.java:84)
at org.testng.TestNG.runSuitesSequentially(TestNG.java:1208)
at org.testng.TestNG.runSuitesLocally(TestNG.java:1137)
at org.testng.TestNG.runSuites(TestNG.java:1049)
at org.testng.TestNG.run(TestNG.java:1017)
at org.testng.remote.AbstractRemoteTestNG.run(AbstractRemoteTestNG.java:115)
at org.testng.remote.RemoteTestNG.initAndRun(RemoteTestNG.java:251)
at org.testng.remote.RemoteTestNG.main(RemoteTestNG.java:77)
]]>
            </full-stacktrace>
          </exception> <!-- java.lang.NoSuchMethodError -->
          <reporter-output>
          </reporter-output>
        </test-method> <!-- testGet -->
      </class> <!-- com.org.testapi.TestApiWithXML -->
      <class name="com.org.testapi.JasonResponsedataInArray">
        <test-method status="PASS" signature="ValidateAllSearchResulrsUsingArray()[pri:0, instance:com.org.testapi.JasonResponsedataInArray@5cb9f472]" name="ValidateAllSearchResulrsUsingArray" duration-ms="7279" started-at="2021-04-15T13:51:21Z" finished-at="2021-04-15T13:51:29Z">
          <reporter-output>
          </reporter-output>
        </test-method> <!-- ValidateAllSearchResulrsUsingArray -->
        <test-method status="PASS" signature="ValidateAllSearchResulrsUsingArray1()[pri:0, instance:com.org.testapi.JasonResponsedataInArray@5cb9f472]" name="ValidateAllSearchResulrsUsingArray1" duration-ms="3037" started-at="2021-04-15T13:51:29Z" finished-at="2021-04-15T13:51:32Z">
          <reporter-output>
          </reporter-output>
        </test-method> <!-- ValidateAllSearchResulrsUsingArray1 -->
      </class> <!-- com.org.testapi.JasonResponsedataInArray -->
      <class name="com.org.testapi.TestApiPutMethods">
        <test-method status="PASS" signature="UpdateCustomerUsingPUT()[pri:0, instance:com.org.testapi.TestApiPutMethods@4566e5bd]" name="UpdateCustomerUsingPUT" duration-ms="300" started-at="2021-04-15T13:51:36Z" finished-at="2021-04-15T13:51:36Z">
          <reporter-output>
          </reporter-output>
        </test-method> <!-- UpdateCustomerUsingPUT -->
      </class> <!-- com.org.testapi.TestApiPutMethods -->
    </test> <!-- Test -->
  </suite> <!-- Suite -->
</testng-results>
