<?xml version="1.0" encoding="UTF-8"?>
<testng-results skipped="0" failed="0" ignored="0" total="1" passed="1">
  <reporter-output>
  </reporter-output>
  <suite name="Default suite" duration-ms="22724" started-at="2020-02-27T13:45:43 CET" finished-at="2020-02-27T13:46:05 CET">
    <groups>
    </groups>
    <test name="Default test" duration-ms="22724" started-at="2020-02-27T13:45:43 CET" finished-at="2020-02-27T13:46:05 CET">
      <class name="SeleniumParallelTesting.SeleniumParallelTesting.EVWeb">
        <test-method status="PASS" signature="WebTableExcercise1()[pri:0, instance:SeleniumParallelTesting.SeleniumParallelTesting.EVWeb@3dd4520b]" name="WebTableExcercise1" duration-ms="22693" started-at="2020-02-27T13:45:43 CET" finished-at="2020-02-27T13:46:05 CET">
          <reporter-output>
          </reporter-output>
        </test-method> <!-- WebTableExcercise1 -->
      </class> <!-- SeleniumParallelTesting.SeleniumParallelTesting.EVWeb -->
    </test> <!-- Default test -->
  </suite> <!-- Default suite -->
</testng-results>
