<?xml version="1.0" encoding="UTF-8"?>
<testng-results skipped="0" failed="0" ignored="0" total="1" passed="1">
  <reporter-output>
  </reporter-output>
  <suite name="Suite1" duration-ms="5473" started-at="2020-02-03T09:45:34 CET" finished-at="2020-02-03T09:45:39 CET">
    <groups>
    </groups>
    <test name="Test1" duration-ms="5473" started-at="2020-02-03T09:45:34 CET" finished-at="2020-02-03T09:45:39 CET">
      <class name="ExecutingTestngFromCmdLine.UsingCommandLineArgs.ImlicitWait">
        <test-method status="PASS" signature="ImplicitlyWait()[pri:0, instance:ExecutingTestngFromCmdLine.UsingCommandLineArgs.ImlicitWait@65e2dbf3]" name="ImplicitlyWait" duration-ms="5442" started-at="2020-02-03T09:45:34 CET" finished-at="2020-02-03T09:45:39 CET">
          <reporter-output>
          </reporter-output>
        </test-method> <!-- ImplicitlyWait -->
      </class> <!-- ExecutingTestngFromCmdLine.UsingCommandLineArgs.ImlicitWait -->
    </test> <!-- Test1 -->
  </suite> <!-- Suite1 -->
</testng-results>
