<?xml version="1.0" encoding="UTF-8"?>
<testng-results skipped="0" failed="1" ignored="0" total="2" passed="1">
  <reporter-output>
  </reporter-output>
  <suite name="Suite" duration-ms="13769" started-at="2020-02-09T22:56:28 CET" finished-at="2020-02-09T22:56:42 CET">
    <groups>
    </groups>
    <test name="Test" duration-ms="13769" started-at="2020-02-09T22:56:28 CET" finished-at="2020-02-09T22:56:42 CET">
      <class name="com.org.test.WebTableExcercise">
        <test-method status="PASS" signature="setUp()[pri:0, instance:com.org.test.WebTableExcercise@57f23557]" name="setUp" is-config="true" duration-ms="7636" started-at="2020-02-09T22:56:28 CET" finished-at="2020-02-09T22:56:36 CET">
          <reporter-output>
          </reporter-output>
        </test-method> <!-- setUp -->
        <test-method status="PASS" signature="WebTableExcercise()[pri:0, instance:com.org.test.WebTableExcercise@57f23557]" name="WebTableExcercise" duration-ms="1528" started-at="2020-02-09T22:56:36 CET" finished-at="2020-02-09T22:56:37 CET">
          <reporter-output>
          </reporter-output>
        </test-method> <!-- WebTableExcercise -->
        <test-method status="PASS" signature="setUp()[pri:0, instance:com.org.test.WebTableExcercise@57f23557]" name="setUp" is-config="true" duration-ms="4527" started-at="2020-02-09T22:56:37 CET" finished-at="2020-02-09T22:56:42 CET">
          <reporter-output>
          </reporter-output>
        </test-method> <!-- setUp -->
        <test-method status="FAIL" signature="WebTableExcercise1()[pri:0, instance:com.org.test.WebTableExcercise@57f23557]" name="WebTableExcercise1" duration-ms="11" started-at="2020-02-09T22:56:42 CET" finished-at="2020-02-09T22:56:42 CET">
          <exception class="java.lang.IllegalStateException">
            <message>
              <![CDATA[The driver executable does not exist: C:\Users\unkan\Documents\GitHub\zelenium\SeleniumFrameWork\drivers\chromedriver79.exe]]>
            </message>
            <full-stacktrace>
              <![CDATA[java.lang.IllegalStateException: The driver executable does not exist: C:\Users\unkan\Documents\GitHub\zelenium\SeleniumFrameWork\drivers\chromedriver79.exe
at com.google.common.base.Preconditions.checkState(Preconditions.java:518)
at org.openqa.selenium.remote.service.DriverService.checkExecutable(DriverService.java:136)
at org.openqa.selenium.remote.service.DriverService.findExecutable(DriverService.java:131)
at org.openqa.selenium.chrome.ChromeDriverService.access$000(ChromeDriverService.java:32)
at org.openqa.selenium.chrome.ChromeDriverService$Builder.findDefaultExecutable(ChromeDriverService.java:137)
at org.openqa.selenium.remote.service.DriverService$Builder.build(DriverService.java:330)
at org.openqa.selenium.chrome.ChromeDriverService.createDefaultService(ChromeDriverService.java:88)
at org.openqa.selenium.chrome.ChromeDriver.<init>(ChromeDriver.java:124)
at com.org.test.WebTableExcercise.WebTableExcercise1(WebTableExcercise.java:45)
at sun.reflect.NativeMethodAccessorImpl.invoke0(Native Method)
at sun.reflect.NativeMethodAccessorImpl.invoke(NativeMethodAccessorImpl.java:62)
at sun.reflect.DelegatingMethodAccessorImpl.invoke(DelegatingMethodAccessorImpl.java:43)
at java.lang.reflect.Method.invoke(Method.java:498)
at org.testng.internal.MethodInvocationHelper.invokeMethod(MethodInvocationHelper.java:133)
at org.testng.internal.TestInvoker.invokeMethod(TestInvoker.java:584)
at org.testng.internal.TestInvoker.invokeTestMethod(TestInvoker.java:172)
at org.testng.internal.MethodRunner.runInSequence(MethodRunner.java:46)
at org.testng.internal.TestInvoker$MethodInvocationAgent.invoke(TestInvoker.java:804)
at org.testng.internal.TestInvoker.invokeTestMethods(TestInvoker.java:145)
at org.testng.internal.TestMethodWorker.invokeTestMethods(TestMethodWorker.java:146)
at org.testng.internal.TestMethodWorker.run(TestMethodWorker.java:128)
at java.util.ArrayList.forEach(ArrayList.java:1257)
at org.testng.TestRunner.privateRun(TestRunner.java:770)
at org.testng.TestRunner.run(TestRunner.java:591)
at org.testng.SuiteRunner.runTest(SuiteRunner.java:402)
at org.testng.SuiteRunner.runSequentially(SuiteRunner.java:396)
at org.testng.SuiteRunner.privateRun(SuiteRunner.java:355)
at org.testng.SuiteRunner.run(SuiteRunner.java:304)
at org.testng.SuiteRunnerWorker.runSuite(SuiteRunnerWorker.java:53)
at org.testng.SuiteRunnerWorker.run(SuiteRunnerWorker.java:96)
at org.testng.TestNG.runSuitesSequentially(TestNG.java:1180)
at org.testng.TestNG.runSuitesLocally(TestNG.java:1102)
at org.testng.TestNG.runSuites(TestNG.java:1032)
at org.testng.TestNG.run(TestNG.java:1000)
at org.testng.remote.AbstractRemoteTestNG.run(AbstractRemoteTestNG.java:115)
at org.testng.remote.RemoteTestNG.initAndRun(RemoteTestNG.java:251)
at org.testng.remote.RemoteTestNG.main(RemoteTestNG.java:77)
]]>
            </full-stacktrace>
          </exception> <!-- java.lang.IllegalStateException -->
          <reporter-output>
          </reporter-output>
        </test-method> <!-- WebTableExcercise1 -->
      </class> <!-- com.org.test.WebTableExcercise -->
    </test> <!-- Test -->
  </suite> <!-- Suite -->
</testng-results>
