<?xml version="1.0" encoding="UTF-8"?>
<testng-results skipped="0" failed="0" ignored="0" total="4" passed="4">
  <reporter-output>
  </reporter-output>
  <suite name="Default suite" duration-ms="107" started-at="2021-02-09T20:35:12Z" finished-at="2021-02-09T20:35:12Z">
    <groups>
    </groups>
    <test name="Default test" duration-ms="107" started-at="2021-02-09T20:35:12Z" finished-at="2021-02-09T20:35:12Z">
      <class name="RegressionTestPackage.RegComponent1.RegressionTCs">
        <test-method status="PASS" signature="AddDetaisofExistingCustomer(int)[pri:0, instance:RegressionTestPackage.RegComponent1.RegressionTCs@77ec78b9]" name="AddDetaisofExistingCustomer" duration-ms="20" started-at="2021-02-09T20:35:12Z" data-provider="salary" finished-at="2021-02-09T20:35:12Z">
          <params>
            <param index="0">
              <value>
                <![CDATA[10000]]>
              </value>
            </param>
          </params>
          <reporter-output>
          </reporter-output>
        </test-method> <!-- AddDetaisofExistingCustomer -->
        <test-method status="PASS" signature="AddDetaisofExistingCustomer(int)[pri:0, instance:RegressionTestPackage.RegComponent1.RegressionTCs@77ec78b9]" name="AddDetaisofExistingCustomer" duration-ms="6" started-at="2021-02-09T20:35:12Z" data-provider="salary" finished-at="2021-02-09T20:35:12Z">
          <params>
            <param index="0">
              <value>
                <![CDATA[20000]]>
              </value>
            </param>
          </params>
          <reporter-output>
          </reporter-output>
        </test-method> <!-- AddDetaisofExistingCustomer -->
        <test-method status="PASS" signature="AddDetaisofExistingCustomer(int)[pri:0, instance:RegressionTestPackage.RegComponent1.RegressionTCs@77ec78b9]" name="AddDetaisofExistingCustomer" duration-ms="7" started-at="2021-02-09T20:35:12Z" data-provider="salary" finished-at="2021-02-09T20:35:12Z">
          <params>
            <param index="0">
              <value>
                <![CDATA[30000]]>
              </value>
            </param>
          </params>
          <reporter-output>
          </reporter-output>
        </test-method> <!-- AddDetaisofExistingCustomer -->
        <test-method status="PASS" signature="CustomerSearch()[pri:0, instance:RegressionTestPackage.RegComponent1.RegressionTCs@77ec78b9]" name="CustomerSearch" duration-ms="10" started-at="2021-02-09T20:35:12Z" finished-at="2021-02-09T20:35:12Z">
          <reporter-output>
          </reporter-output>
        </test-method> <!-- CustomerSearch -->
      </class> <!-- RegressionTestPackage.RegComponent1.RegressionTCs -->
    </test> <!-- Default test -->
  </suite> <!-- Default suite -->
</testng-results>
