<?xml version="1.0" encoding="UTF-8"?>
<testng-results skipped="0" failed="0" ignored="0" total="3" passed="3">
  <reporter-output>
  </reporter-output>
  <suite name="Default suite" duration-ms="109227" started-at="2020-02-03T17:26:11 CET" finished-at="2020-02-03T17:28:00 CET">
    <groups>
    </groups>
    <test name="Default test" duration-ms="109227" started-at="2020-02-03T17:26:11 CET" finished-at="2020-02-03T17:28:00 CET">
      <class name="DriverFactory.DriverFactory.AppTest">
        <test-method status="PASS" signature="TestInitialize()[pri:0, instance:DriverFactory.DriverFactory.AppTest@5136d012]" name="TestInitialize" is-config="true" duration-ms="85987" started-at="2020-02-03T17:26:11 CET" finished-at="2020-02-03T17:27:37 CET">
          <reporter-output>
          </reporter-output>
        </test-method> <!-- TestInitialize -->
        <test-method status="PASS" signature="DropDownWithoutSelectClass_WithBootStrapProgramTest()[pri:0, instance:DriverFactory.DriverFactory.AppTest@5136d012]" name="DropDownWithoutSelectClass_WithBootStrapProgramTest" duration-ms="5219" started-at="2020-02-03T17:27:37 CET" finished-at="2020-02-03T17:27:42 CET">
          <reporter-output>
          </reporter-output>
        </test-method> <!-- DropDownWithoutSelectClass_WithBootStrapProgramTest -->
        <test-method status="PASS" signature="TestInitialize()[pri:0, instance:DriverFactory.DriverFactory.AppTest@5136d012]" name="TestInitialize" is-config="true" duration-ms="9891" started-at="2020-02-03T17:27:42 CET" finished-at="2020-02-03T17:27:52 CET">
          <reporter-output>
          </reporter-output>
        </test-method> <!-- TestInitialize -->
        <test-method status="PASS" signature="GooglePage()[pri:0, instance:DriverFactory.DriverFactory.AppTest@5136d012]" name="GooglePage" duration-ms="4127" started-at="2020-02-03T17:27:52 CET" finished-at="2020-02-03T17:27:56 CET">
          <reporter-output>
          </reporter-output>
        </test-method> <!-- GooglePage -->
        <test-method status="PASS" signature="TestInitialize()[pri:0, instance:DriverFactory.DriverFactory.AppTest@5136d012]" name="TestInitialize" is-config="true" duration-ms="2592" started-at="2020-02-03T17:27:56 CET" finished-at="2020-02-03T17:27:59 CET">
          <reporter-output>
          </reporter-output>
        </test-method> <!-- TestInitialize -->
        <test-method status="PASS" signature="WebTableExcercise1()[pri:0, instance:DriverFactory.DriverFactory.AppTest@5136d012]" name="WebTableExcercise1" duration-ms="1369" started-at="2020-02-03T17:27:59 CET" finished-at="2020-02-03T17:28:00 CET">
          <reporter-output>
          </reporter-output>
        </test-method> <!-- WebTableExcercise1 -->
      </class> <!-- DriverFactory.DriverFactory.AppTest -->
    </test> <!-- Default test -->
  </suite> <!-- Default suite -->
</testng-results>
