<?xml version="1.0" encoding="UTF-8"?>
<testng-results skipped="0" failed="1" ignored="0" total="3" passed="2">
  <reporter-output>
  </reporter-output>
  <suite name="Default suite" duration-ms="38750" started-at="2020-02-03T22:58:53 CET" finished-at="2020-02-03T22:59:32 CET">
    <groups>
    </groups>
    <test name="Default test" duration-ms="38750" started-at="2020-02-03T22:58:53 CET" finished-at="2020-02-03T22:59:32 CET">
      <class name="DriverFactory.DriverFactory.AppTest">
        <test-method status="PASS" signature="TestInitialize()[pri:0, instance:DriverFactory.DriverFactory.AppTest@8b87145]" name="TestInitialize" is-config="true" duration-ms="9621" started-at="2020-02-03T22:58:53 CET" finished-at="2020-02-03T22:59:02 CET">
          <reporter-output>
          </reporter-output>
        </test-method> <!-- TestInitialize -->
        <test-method status="FAIL" signature="DropDownWithoutSelectClass_WithBootStrapProgramTest()[pri:0, instance:DriverFactory.DriverFactory.AppTest@8b87145]" name="DropDownWithoutSelectClass_WithBootStrapProgramTest" duration-ms="5039" started-at="2020-02-03T22:59:02 CET" finished-at="2020-02-03T22:59:07 CET">
          <exception class="org.openqa.selenium.WebDriverException">
            <message>
              <![CDATA[Element <select id="continents" class="input-xlarge" name="continents"> is not clickable at point (109,738) because another element <div id="cookie-law-info-bar"> obscures it
Build info: version: '3.4.0', revision: 'unknown', time: 'unknown'
System info: host: 'LAPTOP-A5GJABUP', ip: '192.168.99.1', os.name: 'Windows 10', os.arch: 'amd64', os.version: '10.0', java.version: '1.8.0_212'
Driver info: org.openqa.selenium.firefox.FirefoxDriver
Capabilities [{moz:profile=C:\Users\unkan\AppData\Local\Temp\rust_mozprofile.iWALhnzxOurj, rotatable=false, moz:geckodriverVersion=0.24.0, timeouts={implicit=0.0, pageLoad=300000.0, script=30000.0}, pageLoadStrategy=normal, unhandledPromptBehavior=dismiss and notify, strictFileInteractability=false, moz:headless=false, platform=ANY, moz:accessibilityChecks=false, moz:useNonSpecCompliantPointerOrigin=false, acceptInsecureCerts=true, browserVersion=71.0, moz:shutdownTimeout=60000.0, platformVersion=10.0, moz:processID=27244.0, browserName=firefox, moz:buildID=20191202093317, javascriptEnabled=true, platformName=windows, setWindowRect=true, moz:webdriverClick=true}]
Session ID: 047a71e5-8849-4d17-bf8d-8ef6a60c2542]]>
            </message>
            <full-stacktrace>
              <![CDATA[org.openqa.selenium.WebDriverException: Element <select id="continents" class="input-xlarge" name="continents"> is not clickable at point (109,738) because another element <div id="cookie-law-info-bar"> obscures it
Build info: version: '3.4.0', revision: 'unknown', time: 'unknown'
System info: host: 'LAPTOP-A5GJABUP', ip: '192.168.99.1', os.name: 'Windows 10', os.arch: 'amd64', os.version: '10.0', java.version: '1.8.0_212'
Driver info: org.openqa.selenium.firefox.FirefoxDriver
Capabilities [{moz:profile=C:\Users\unkan\AppData\Local\Temp\rust_mozprofile.iWALhnzxOurj, rotatable=false, moz:geckodriverVersion=0.24.0, timeouts={implicit=0.0, pageLoad=300000.0, script=30000.0}, pageLoadStrategy=normal, unhandledPromptBehavior=dismiss and notify, strictFileInteractability=false, moz:headless=false, platform=ANY, moz:accessibilityChecks=false, moz:useNonSpecCompliantPointerOrigin=false, acceptInsecureCerts=true, browserVersion=71.0, moz:shutdownTimeout=60000.0, platformVersion=10.0, moz:processID=27244.0, browserName=firefox, moz:buildID=20191202093317, javascriptEnabled=true, platformName=windows, setWindowRect=true, moz:webdriverClick=true}]
Session ID: 047a71e5-8849-4d17-bf8d-8ef6a60c2542
at sun.reflect.NativeConstructorAccessorImpl.newInstance0(Native Method)
at sun.reflect.NativeConstructorAccessorImpl.newInstance(NativeConstructorAccessorImpl.java:62)
at sun.reflect.DelegatingConstructorAccessorImpl.newInstance(DelegatingConstructorAccessorImpl.java:45)
at java.lang.reflect.Constructor.newInstance(Constructor.java:423)
at org.openqa.selenium.remote.http.W3CHttpResponseCodec.createException(W3CHttpResponseCodec.java:150)
at org.openqa.selenium.remote.http.W3CHttpResponseCodec.decode(W3CHttpResponseCodec.java:115)
at org.openqa.selenium.remote.http.W3CHttpResponseCodec.decode(W3CHttpResponseCodec.java:45)
at org.openqa.selenium.remote.HttpCommandExecutor.execute(HttpCommandExecutor.java:164)
at org.openqa.selenium.remote.service.DriverCommandExecutor.execute(DriverCommandExecutor.java:82)
at org.openqa.selenium.remote.RemoteWebDriver.execute(RemoteWebDriver.java:637)
at org.openqa.selenium.remote.RemoteWebElement.execute(RemoteWebElement.java:272)
at org.openqa.selenium.remote.RemoteWebElement.click(RemoteWebElement.java:82)
at DriverFactory.DriverFactory.AppTest.DropDownWithoutSelectClass_WithBootStrapProgramTest(AppTest.java:65)
at sun.reflect.NativeMethodAccessorImpl.invoke0(Native Method)
at sun.reflect.NativeMethodAccessorImpl.invoke(NativeMethodAccessorImpl.java:62)
at sun.reflect.DelegatingMethodAccessorImpl.invoke(DelegatingMethodAccessorImpl.java:43)
at java.lang.reflect.Method.invoke(Method.java:498)
at org.testng.internal.MethodInvocationHelper.invokeMethod(MethodInvocationHelper.java:133)
at org.testng.internal.TestInvoker.invokeMethod(TestInvoker.java:584)
at org.testng.internal.TestInvoker.invokeTestMethod(TestInvoker.java:172)
at org.testng.internal.MethodRunner.runInSequence(MethodRunner.java:46)
at org.testng.internal.TestInvoker$MethodInvocationAgent.invoke(TestInvoker.java:804)
at org.testng.internal.TestInvoker.invokeTestMethods(TestInvoker.java:145)
at org.testng.internal.TestMethodWorker.invokeTestMethods(TestMethodWorker.java:146)
at org.testng.internal.TestMethodWorker.run(TestMethodWorker.java:128)
at java.util.ArrayList.forEach(ArrayList.java:1257)
at org.testng.TestRunner.privateRun(TestRunner.java:770)
at org.testng.TestRunner.run(TestRunner.java:591)
at org.testng.SuiteRunner.runTest(SuiteRunner.java:402)
at org.testng.SuiteRunner.runSequentially(SuiteRunner.java:396)
at org.testng.SuiteRunner.privateRun(SuiteRunner.java:355)
at org.testng.SuiteRunner.run(SuiteRunner.java:304)
at org.testng.SuiteRunnerWorker.runSuite(SuiteRunnerWorker.java:53)
at org.testng.SuiteRunnerWorker.run(SuiteRunnerWorker.java:96)
at org.testng.TestNG.runSuitesSequentially(TestNG.java:1180)
at org.testng.TestNG.runSuitesLocally(TestNG.java:1102)
at org.testng.TestNG.runSuites(TestNG.java:1032)
at org.testng.TestNG.run(TestNG.java:1000)
at org.testng.remote.AbstractRemoteTestNG.run(AbstractRemoteTestNG.java:115)
at org.testng.remote.RemoteTestNG.initAndRun(RemoteTestNG.java:251)
at org.testng.remote.RemoteTestNG.main(RemoteTestNG.java:77)
]]>
            </full-stacktrace>
          </exception> <!-- org.openqa.selenium.WebDriverException -->
          <reporter-output>
          </reporter-output>
        </test-method> <!-- DropDownWithoutSelectClass_WithBootStrapProgramTest -->
        <test-method status="PASS" signature="TestInitialize()[pri:0, instance:DriverFactory.DriverFactory.AppTest@8b87145]" name="TestInitialize" is-config="true" duration-ms="8172" started-at="2020-02-03T22:59:07 CET" finished-at="2020-02-03T22:59:16 CET">
          <reporter-output>
          </reporter-output>
        </test-method> <!-- TestInitialize -->
        <test-method status="PASS" signature="GooglePage()[pri:0, instance:DriverFactory.DriverFactory.AppTest@8b87145]" name="GooglePage" duration-ms="4959" started-at="2020-02-03T22:59:16 CET" finished-at="2020-02-03T22:59:21 CET">
          <reporter-output>
          </reporter-output>
        </test-method> <!-- GooglePage -->
        <test-method status="PASS" signature="TestInitialize()[pri:0, instance:DriverFactory.DriverFactory.AppTest@8b87145]" name="TestInitialize" is-config="true" duration-ms="6047" started-at="2020-02-03T22:59:21 CET" finished-at="2020-02-03T22:59:27 CET">
          <reporter-output>
          </reporter-output>
        </test-method> <!-- TestInitialize -->
        <test-method status="PASS" signature="WebTableExcercise1()[pri:0, instance:DriverFactory.DriverFactory.AppTest@8b87145]" name="WebTableExcercise1" duration-ms="4841" started-at="2020-02-03T22:59:27 CET" finished-at="2020-02-03T22:59:32 CET">
          <reporter-output>
          </reporter-output>
        </test-method> <!-- WebTableExcercise1 -->
      </class> <!-- DriverFactory.DriverFactory.AppTest -->
    </test> <!-- Default test -->
  </suite> <!-- Default suite -->
</testng-results>
