<?xml version="1.0" encoding="UTF-8"?>
<!-- Generated by org.testng.reporters.JUnitReportReporter -->
<testsuite skipped="0" hostname="WP3078" name="AdvanceSelenium.DropDownWithoutSelectClass_WithBootStrapProgram" tests="1" failures="0" timestamp="2020-01-29T17:40:32 CET" time="7.967" errors="0">
  <testcase name="DropDownWithoutSelectClass_WithBootStrapProgramTest" time="7.967" classname="AdvanceSelenium.DropDownWithoutSelectClass_WithBootStrapProgram"/>
</testsuite> <!-- AdvanceSelenium.DropDownWithoutSelectClass_WithBootStrapProgram -->
