<?xml version="1.0" encoding="UTF-8"?>
<!-- Generated by org.testng.reporters.JUnitXMLReporter -->
<testsuite hostname="WP3078" ignored="0" name="Default test" tests="3" failures="0" timestamp="2020-02-03T17:28:00 CET" time="109.227" errors="0">
  <testcase name="DropDownWithoutSelectClass_WithBootStrapProgramTest" time="5.219" classname="DriverFactory.DriverFactory.AppTest"/>
  <testcase name="GooglePage" time="4.127" classname="DriverFactory.DriverFactory.AppTest"/>
  <testcase name="WebTableExcercise1" time="1.369" classname="DriverFactory.DriverFactory.AppTest"/>
</testsuite> <!-- Default test -->
