<?xml version="1.0" encoding="UTF-8"?>
<testsuite xmlns:xsi="http://www.w3.org/2001/XMLSchema-instance" xsi:noNamespaceSchemaLocation="https://maven.apache.org/surefire/maven-surefire-plugin/xsd/surefire-test-report.xsd" name="com.org.tests.NuvasiveLoginPageTests" time="92.98" tests="10" errors="0" skipped="0" failures="0">
  <properties>
[...]
</properties>
  <testcase name="tc_01_LoginPageHeaderAvailableCheck" classname="com.org.tests.NuvasiveLoginPageTests" time="0.256"/>
  <testcase name="tc_02_LoginPageLinkAvailabilityCheck" classname="com.org.tests.NuvasiveLoginPageTests" time="0.253"/>
  <testcase name="tc_03_LoginUsernamePasswordObjectAvailabilityCheck" classname="com.org.tests.NuvasiveLoginPageTests" time="0.152"/>
  <testcase name="tc_04_LoginSubmitButtonAvailabilityCheck" classname="com.org.tests.NuvasiveLoginPageTests" time="0.184"/>
  <testcase name="tc_05_ClickLoginLinkFunctionality" classname="com.org.tests.NuvasiveLoginPageTests" time="0.541"/>
  <testcase name="tc_06_LoginProvisionWithValidCredentials" classname="com.org.tests.NuvasiveLoginPageTests" time="0.492"/>
  <testcase name="tc_06_LoginProvisionWithValidCredentials" classname="com.org.tests.NuvasiveLoginPageTests" time="0.402"/>
  <testcase name="tc_06_LoginProvisionWithValidCredentials" classname="com.org.tests.NuvasiveLoginPageTests" time="1.045"/>
  <testcase name="tc_06_LoginProvisionWithValidCredentials" classname="com.org.tests.NuvasiveLoginPageTests" time="1.026"/>
  <testcase name="tc_07_UserNamePasswordFieldTypeCheck" classname="com.org.tests.NuvasiveLoginPageTests" time="0.518"/>
</testsuite>