<?xml version="1.0" encoding="UTF-8"?>
<testng-results skipped="0" failed="0" ignored="0" total="1" passed="1">
  <reporter-output>
  </reporter-output>
  <suite name="Default suite" duration-ms="7363" started-at="2021-02-12T20:42:27Z" finished-at="2021-02-12T20:42:34Z">
    <groups>
    </groups>
    <test name="Default test" duration-ms="7363" started-at="2021-02-12T20:42:27Z" finished-at="2021-02-12T20:42:34Z">
      <class name="SeleniumExcercises">
        <test-method status="PASS" signature="openBrowser()[pri:0, instance:SeleniumExcercises@3abbfa04]" name="openBrowser" duration-ms="7309" started-at="2021-02-12T20:42:27Z" finished-at="2021-02-12T20:42:34Z">
          <reporter-output>
          </reporter-output>
        </test-method> <!-- openBrowser -->
      </class> <!-- SeleniumExcercises -->
    </test> <!-- Default test -->
  </suite> <!-- Default suite -->
</testng-results>
