<?xml version="1.0" encoding="UTF-8"?>
<!-- Generated by org.testng.reporters.JUnitXMLReporter -->
<testsuite hostname="LAPTOP-A5GJABUP" ignored="2" name="SmokeTest" tests="1" failures="0" timestamp="21 Oct 2019 20:24:15 GMT" time="0.041" errors="0">
  <testcase name="Component1TC3" time="0.01" classname="SmokeTestPackage.Component1"/>
  <testcase name="Component1TC1" time="0.0" classname="SmokeTestPackage.Component1">
    <ignored/>
  </testcase> <!-- Component1TC1 -->
  <testcase name="Component1TC2" time="0.0" classname="SmokeTestPackage.Component1">
    <ignored/>
  </testcase> <!-- Component1TC2 -->
</testsuite> <!-- SmokeTest -->
