<?xml version="1.0" encoding="UTF-8"?>
<!-- Generated by org.testng.reporters.JUnitXMLReporter -->
<testsuite hostname="LAPTOP-A5GJABUP" ignored="0" name="Test" tests="4" failures="1" timestamp="2020-01-30T00:34:24 CET" time="0.241" errors="0">
  <testcase name="Component1TC3" time="0.027" classname="SmokeTestPackage.Component1"/>
  <testcase name="Component1TC2" time="0.026" classname="SmokeTestPackage.Component1"/>
  <testcase name="Component1TC1" time="0.027" classname="SmokeTestPackage.Component1"/>
  <testcase name="Component2TC1" time="0.151" classname="SmokeTestPackage.Component2">
    <failure type="java.lang.IllegalStateException" message="The driver executable does not exist: C:\SeleniumGrid\chromedriver.exe">
      <![CDATA[java.lang.IllegalStateException: The driver executable does not exist: C:\SeleniumGrid\chromedriver.exe
at com.google.common.base.Preconditions.checkState(Preconditions.java:585)
at org.openqa.selenium.remote.service.DriverService.checkExecutable(DriverService.java:136)
at org.openqa.selenium.remote.service.DriverService.findExecutable(DriverService.java:131)
at org.openqa.selenium.chrome.ChromeDriverService.access$000(ChromeDriverService.java:35)
at org.openqa.selenium.chrome.ChromeDriverService$Builder.findDefaultExecutable(ChromeDriverService.java:177)
at org.openqa.selenium.remote.service.DriverService$Builder.build(DriverService.java:335)
at org.openqa.selenium.chrome.ChromeDriverService.createDefaultService(ChromeDriverService.java:100)
at org.openqa.selenium.chrome.ChromeDriver.<init>(ChromeDriver.java:105)
at SmokeTestPackage.Component2.Component2TC1(Component2.java:28)
at java.util.concurrent.ThreadPoolExecutor.runWorker(Unknown Source)
at java.util.concurrent.ThreadPoolExecutor$Worker.run(Unknown Source)
at java.lang.Thread.run(Unknown Source)
... Removed 12 stack frames]]>
    </failure>
  </testcase> <!-- Component2TC1 -->
</testsuite> <!-- Test -->
