<?xml version="1.0" encoding="UTF-8"?>
<testng-results skipped="0" failed="0" ignored="0" total="2" passed="2">
  <reporter-output>
  </reporter-output>
  <suite name="Default suite" duration-ms="25425" started-at="2020-07-08T18:46:26Z" finished-at="2020-07-08T18:46:52Z">
    <groups>
    </groups>
    <test name="Default test" duration-ms="25425" started-at="2020-07-08T18:46:26Z" finished-at="2020-07-08T18:46:52Z">
      <class name="SeleniumSession1.SeleniumSession1.SwitchTO">
        <test-method status="PASS" signature="WindowHandle1()[pri:0, instance:SeleniumSession1.SeleniumSession1.SwitchTO@31ef45e3]" name="WindowHandle1" duration-ms="16649" started-at="2020-07-08T18:46:26Z" finished-at="2020-07-08T18:46:43Z">
          <reporter-output>
          </reporter-output>
        </test-method> <!-- WindowHandle1 -->
        <test-method status="PASS" signature="WindowHandle2()[pri:0, instance:SeleniumSession1.SeleniumSession1.SwitchTO@31ef45e3]" name="WindowHandle2" duration-ms="8709" started-at="2020-07-08T18:46:43Z" finished-at="2020-07-08T18:46:51Z">
          <reporter-output>
          </reporter-output>
        </test-method> <!-- WindowHandle2 -->
      </class> <!-- SeleniumSession1.SeleniumSession1.SwitchTO -->
    </test> <!-- Default test -->
  </suite> <!-- Default suite -->
</testng-results>
