<?xml version="1.0" encoding="UTF-8"?>
<!-- Generated by org.testng.reporters.JUnitReportReporter -->
<testsuite skipped="0" hostname="LAPTOP-A5GJABUP" name="SeleniumSession1.SeleniumSession1.DragAndDrop" tests="1" failures="0" timestamp="19 Feb 2021 20:17:55 GMT" time="5.919" errors="1">
  <testcase name="DragAndDrop" time="5.919" classname="SeleniumSession1.SeleniumSession1.DragAndDrop">
    <error type="org.openqa.selenium.SessionNotCreatedException" message="session not created: This version of ChromeDriver only supports Chrome version 83
Build info: version: &#039;4.0.0-alpha-6&#039;, revision: &#039;5f43a29cfc&#039;
System info: host: &#039;LAPTOP-A5GJABUP&#039;, ip: &#039;192.168.1.177&#039;, os.name: &#039;Windows 10&#039;, os.arch: &#039;amd64&#039;, os.version: &#039;10.0&#039;, java.version: &#039;1.8.0_212&#039;
Driver info: driver.version: ChromeDriver
remote stacktrace: Backtrace:
	Ordinal0 [0x01099563+2725219]
	Ordinal0 [0x00F98551+1672529]
	Ordinal0 [0x00E80359+525145]
	Ordinal0 [0x00E10B77+68471]
	Ordinal0 [0x00E0D32C+54060]
	Ordinal0 [0x00E2CC37+183351]
	Ordinal0 [0x00E2CA3D+182845]
	Ordinal0 [0x00E2A94B+174411]
	Ordinal0 [0x00E12528+75048]
	Ordinal0 [0x00E135A0+79264]
	Ordinal0 [0x00E13539+79161]
	Ordinal0 [0x00FAD607+1758727]
	GetHandleVerifier [0x011B6546+1050150]
	GetHandleVerifier [0x011B6291+1049457]
	GetHandleVerifier [0x011C10D7+1094071]
	GetHandleVerifier [0x011B6B46+1051686]
	Ordinal0 [0x00FA5B06+1727238]
	Ordinal0 [0x00FAEB7B+1764219]
	Ordinal0 [0x00FAECE3+1764579]
	Ordinal0 [0x00FC4C05+1854469]
	BaseThreadInitThunk [0x75D2FA29+25]
	RtlGetAppContainerNamedObjectPath [0x770976B4+228]
	RtlGetAppContainerNamedObjectPath [0x77097684+180]
">
      <![CDATA[org.openqa.selenium.SessionNotCreatedException: session not created: This version of ChromeDriver only supports Chrome version 83
Build info: version: '4.0.0-alpha-6', revision: '5f43a29cfc'
System info: host: 'LAPTOP-A5GJABUP', ip: '192.168.1.177', os.name: 'Windows 10', os.arch: 'amd64', os.version: '10.0', java.version: '1.8.0_212'
Driver info: driver.version: ChromeDriver
remote stacktrace: Backtrace:
Ordinal0 [0x01099563+2725219]
Ordinal0 [0x00F98551+1672529]
Ordinal0 [0x00E80359+525145]
Ordinal0 [0x00E10B77+68471]
Ordinal0 [0x00E0D32C+54060]
Ordinal0 [0x00E2CC37+183351]
Ordinal0 [0x00E2CA3D+182845]
Ordinal0 [0x00E2A94B+174411]
Ordinal0 [0x00E12528+75048]
Ordinal0 [0x00E135A0+79264]
Ordinal0 [0x00E13539+79161]
Ordinal0 [0x00FAD607+1758727]
GetHandleVerifier [0x011B6546+1050150]
GetHandleVerifier [0x011B6291+1049457]
GetHandleVerifier [0x011C10D7+1094071]
GetHandleVerifier [0x011B6B46+1051686]
Ordinal0 [0x00FA5B06+1727238]
Ordinal0 [0x00FAEB7B+1764219]
Ordinal0 [0x00FAECE3+1764579]
Ordinal0 [0x00FC4C05+1854469]
BaseThreadInitThunk [0x75D2FA29+25]
RtlGetAppContainerNamedObjectPath [0x770976B4+228]
RtlGetAppContainerNamedObjectPath [0x77097684+180]

at sun.reflect.NativeConstructorAccessorImpl.newInstance0(Native Method)
at sun.reflect.NativeConstructorAccessorImpl.newInstance(Unknown Source)
at sun.reflect.DelegatingConstructorAccessorImpl.newInstance(Unknown Source)
at java.lang.reflect.Constructor.newInstance(Unknown Source)
at org.openqa.selenium.remote.W3CHandshakeResponse.lambda$errorHandler$0(W3CHandshakeResponse.java:62)
at org.openqa.selenium.remote.HandshakeResponse.lambda$getResponseFunction$0(HandshakeResponse.java:30)
at org.openqa.selenium.remote.ProtocolHandshake.lambda$createSession$1(ProtocolHandshake.java:126)
at java.util.stream.ReferencePipeline$3$1.accept(Unknown Source)
at java.util.Spliterators$ArraySpliterator.tryAdvance(Unknown Source)
at java.util.stream.ReferencePipeline.forEachWithCancel(Unknown Source)
at java.util.stream.AbstractPipeline.copyIntoWithCancel(Unknown Source)
at java.util.stream.AbstractPipeline.copyInto(Unknown Source)
at java.util.stream.AbstractPipeline.wrapAndCopyInto(Unknown Source)
at java.util.stream.FindOps$FindOp.evaluateSequential(Unknown Source)
at java.util.stream.AbstractPipeline.evaluate(Unknown Source)
at java.util.stream.ReferencePipeline.findFirst(Unknown Source)
at org.openqa.selenium.remote.ProtocolHandshake.createSession(ProtocolHandshake.java:128)
at org.openqa.selenium.remote.ProtocolHandshake.createSession(ProtocolHandshake.java:75)
at org.openqa.selenium.remote.HttpCommandExecutor.execute(HttpCommandExecutor.java:138)
at org.openqa.selenium.remote.service.DriverCommandExecutor.execute(DriverCommandExecutor.java:83)
at org.openqa.selenium.remote.RemoteWebDriver.execute(RemoteWebDriver.java:582)
at org.openqa.selenium.remote.RemoteWebDriver.startSession(RemoteWebDriver.java:216)
at org.openqa.selenium.remote.RemoteWebDriver.<init>(RemoteWebDriver.java:136)
at org.openqa.selenium.chromium.ChromiumDriver.<init>(ChromiumDriver.java:75)
at org.openqa.selenium.chrome.ChromeDriver.<init>(ChromeDriver.java:163)
at org.openqa.selenium.chrome.ChromeDriver.<init>(ChromeDriver.java:150)
at org.openqa.selenium.chrome.ChromeDriver.<init>(ChromeDriver.java:105)
at SeleniumSession1.SeleniumSession1.DragAndDrop.DragAndDrop(DragAndDrop.java:15)
at sun.reflect.NativeMethodAccessorImpl.invoke0(Native Method)
at sun.reflect.NativeMethodAccessorImpl.invoke(Unknown Source)
at sun.reflect.DelegatingMethodAccessorImpl.invoke(Unknown Source)
at java.lang.reflect.Method.invoke(Unknown Source)
at org.testng.internal.MethodInvocationHelper.invokeMethod(MethodInvocationHelper.java:124)
at org.testng.internal.Invoker.invokeMethod(Invoker.java:583)
at org.testng.internal.Invoker.invokeTestMethod(Invoker.java:719)
at org.testng.internal.Invoker.invokeTestMethods(Invoker.java:989)
at org.testng.internal.TestMethodWorker.invokeTestMethods(TestMethodWorker.java:125)
at org.testng.internal.TestMethodWorker.run(TestMethodWorker.java:109)
at org.testng.TestRunner.privateRun(TestRunner.java:648)
at org.testng.TestRunner.run(TestRunner.java:505)
at org.testng.SuiteRunner.runTest(SuiteRunner.java:455)
at org.testng.SuiteRunner.runSequentially(SuiteRunner.java:450)
at org.testng.SuiteRunner.privateRun(SuiteRunner.java:415)
at org.testng.SuiteRunner.run(SuiteRunner.java:364)
at org.testng.SuiteRunnerWorker.runSuite(SuiteRunnerWorker.java:52)
at org.testng.SuiteRunnerWorker.run(SuiteRunnerWorker.java:84)
at org.testng.TestNG.runSuitesSequentially(TestNG.java:1208)
at org.testng.TestNG.runSuitesLocally(TestNG.java:1137)
at org.testng.TestNG.runSuites(TestNG.java:1049)
at org.testng.TestNG.run(TestNG.java:1017)
at org.testng.remote.AbstractRemoteTestNG.run(AbstractRemoteTestNG.java:115)
at org.testng.remote.RemoteTestNG.initAndRun(RemoteTestNG.java:251)
at org.testng.remote.RemoteTestNG.main(RemoteTestNG.java:77)
]]>
    </error>
  </testcase> <!-- DragAndDrop -->
</testsuite> <!-- SeleniumSession1.SeleniumSession1.DragAndDrop -->
